Arguments: 
  /Users/xiezhe/.nvm/versions/node/v12.16.3/bin/node /Users/xiezhe/.yarn/bin/yarn.js add @hasezoey/typegooser mongoose @types/mongoose

PATH: 
  /Users/xiezhe/.nvm/versions/node/v12.16.3/bin:/Users/xiezhe/learn/flutter/development/flutter/bin:/usr/local/Cellar/mongodb/3.4.6/bin:/Library/Java/JavaVirtualMachines/jdk1.8.0_261.jdk/Contents/Home/bin:/Users/xiezhe/.yarn/bin:/Users/xiezhe/.config/yarn/global/node_modules/.bin:/usr/local/bin:/usr/local/sbin:/Users/wanghao/.deno/bin:/usr/local/bin:/usr/bin:/bin:/usr/sbin:/sbin:/usr/local/share/dotnet:/Users/xiezhe/learn/flutter/development/flutter/bin:/usr/local/Cellar/mongodb/3.4.6/bin:/Library/Java/JavaVirtualMachines/jdk1.8.0_261.jdk/Contents/Home/bin:/Users/xiezhe/.yarn/bin:/Users/xiezhe/.config/yarn/global/node_modules/.bin:/usr/local/sbin:/Users/wanghao/.deno/bin:.:/usr/local/mysql/bin:/usr/local/mongodv/bin:/Applications/Docker.app/Contents/Resources/bin:.:/usr/local/mysql/bin:/usr/local/mongodv/bin:/Applications/Docker.app/Contents/Resources/bin

Yarn version: 
  1.22.4

Node version: 
  12.16.3

Platform: 
  darwin x64

Trace: 
  Error: https://registry.npm.taobao.org/@hasezoey%2ftypegooser: Not found
      at Request.params.callback [as _callback] (/Users/xiezhe/.yarn/lib/cli.js:66987:18)
      at Request.self.callback (/Users/xiezhe/.yarn/lib/cli.js:140748:22)
      at Request.emit (events.js:310:20)
      at Request.<anonymous> (/Users/xiezhe/.yarn/lib/cli.js:141720:10)
      at Request.emit (events.js:310:20)
      at IncomingMessage.<anonymous> (/Users/xiezhe/.yarn/lib/cli.js:141642:12)
      at Object.onceWrapper (events.js:416:28)
      at IncomingMessage.emit (events.js:322:22)
      at endReadableNT (_stream_readable.js:1187:12)
      at processTicksAndRejections (internal/process/task_queues.js:84:21)

npm manifest: 
  {
    "name": "cat-home-nest",
    "version": "0.0.1",
    "description": "",
    "author": "",
    "private": true,
    "license": "UNLICENSED",
    "scripts": {
      "prebuild": "rimraf dist",
      "build": "nest build",
      "format": "prettier --write \"src/**/*.ts\" \"test/**/*.ts\"",
      "start": "nest start",
      "start:dev": "nest start --watch",
      "start:debug": "nest start --debug --watch",
      "start:prod": "node dist/main",
      "lint": "eslint \"{src,apps,libs,test}/**/*.ts\" --fix",
      "test": "jest",
      "test:watch": "jest --watch",
      "test:cov": "jest --coverage",
      "test:debug": "node --inspect-brk -r tsconfig-paths/register -r ts-node/register node_modules/.bin/jest --runInBand",
      "test:e2e": "jest --config ./test/jest-e2e.json"
    },
    "dependencies": {
      "@nestjs/common": "^8.0.0",
      "@nestjs/core": "^8.0.0",
      "@nestjs/platform-express": "^8.0.0",
      "@nestjs/swagger": "^5.1.5",
      "@nestjs/typeorm": "^8.0.2",
      "mysql": "^2.18.1",
      "reflect-metadata": "^0.1.13",
      "rimraf": "^3.0.2",
      "rxjs": "^7.2.0",
      "swagger-ui-express": "^4.3.0",
      "typeorm": "^0.2.41"
    },
    "devDependencies": {
      "@nestjs/cli": "^8.0.0",
      "@nestjs/schematics": "^8.0.0",
      "@nestjs/testing": "^8.0.0",
      "@types/express": "^4.17.13",
      "@types/jest": "27.0.2",
      "@types/node": "^16.0.0",
      "@types/supertest": "^2.0.11",
      "@typescript-eslint/eslint-plugin": "^5.0.0",
      "@typescript-eslint/parser": "^5.0.0",
      "eslint": "^8.0.1",
      "eslint-config-prettier": "^8.3.0",
      "eslint-plugin-prettier": "^4.0.0",
      "jest": "^27.2.5",
      "prettier": "^2.3.2",
      "source-map-support": "^0.5.20",
      "supertest": "^6.1.3",
      "ts-jest": "^27.0.3",
      "ts-loader": "^9.2.3",
      "ts-node": "^10.0.0",
      "tsconfig-paths": "^3.10.1",
      "typescript": "^4.3.5"
    },
    "jest": {
      "moduleFileExtensions": [
        "js",
        "json",
        "ts"
      ],
      "rootDir": "src",
      "testRegex": ".*\\.spec\\.ts$",
      "transform": {
        "^.+\\.(t|j)s$": "ts-jest"
      },
      "collectCoverageFrom": [
        "**/*.(t|j)s"
      ],
      "coverageDirectory": "../coverage",
      "testEnvironment": "node"
    }
  }

yarn manifest: 
  No manifest

Lockfile: 
  No lockfile
